[2021/05/28 07:18:52] [SERVER WARRNING]: Error name: NotFoundError
[2021/05/28 07:18:52] [SERVER RESPONSE]: Requested file style.css in C:\xampp\htdocs\WWW\deno\public\style
[2021/05/28 07:18:52] [SERVER RESPONSE]: Requested file deno.png in C:\xampp\htdocs\WWW\deno\public\icon
[2021/05/28 07:18:56] [SERVER RESPONSE]: Requested file index.html in C:\xampp\htdocs\WWW\deno\public
[2021/05/28 07:18:56] [SERVER WARRNING]: Error name: NotFoundError
[2021/05/28 07:20:08] [SERVER RESPONSE]: Requested file index.html in C:\xampp\htdocs\WWW\deno\public
[2021/05/28 07:20:09] [SERVER WARRNING]: Error name: NotFoundError
[2021/05/28 07:20:43] [SERVER ENGINE]: Starting on port 80
[2021/05/28 07:20:43] [SERVER INFO]: Working in C:\xampp\htdocs\WWW\deno
[2021/05/28 07:20:48] [SERVER RESPONSE]: Requested file index.html in C:\xampp\htdocs\WWW\deno\public
[2021/05/28 07:20:57] [SERVER WARRNING]: Error name: NotFoundError
[2021/05/28 07:21:05] [SERVER RESPONSE]: Requested file index.html in C:\xampp\htdocs\WWW\deno\public
[2021/05/28 07:21:05] [SERVER RESPONSE]: Requested file style.css in C:\xampp\htdocs\WWW\deno\public\style
[2021/05/28 07:21:06] [SERVER RESPONSE]: Requested file deno.png in C:\xampp\htdocs\WWW\deno\public\icon
[2021/05/28 07:21:07] [SERVER RESPONSE]: Requested file other.html in C:\xampp\htdocs\WWW\deno\public
[2021/05/28 07:21:07] [SERVER RESPONSE]: Requested file style.css in C:\xampp\htdocs\WWW\deno\public\style
[2021/05/28 07:21:07] [SERVER RESPONSE]: Requested file deno.png in C:\xampp\htdocs\WWW\deno\public\icon
[2021/05/28 07:21:10] [SERVER RESPONSE]: Requested file index.html in C:\xampp\htdocs\WWW\deno\public
[2021/05/28 07:21:10] [SERVER RESPONSE]: Requested file style.css in C:\xampp\htdocs\WWW\deno\public\style
[2021/05/28 07:21:10] [SERVER RESPONSE]: Requested file deno.png in C:\xampp\htdocs\WWW\deno\public\icon
[2021/05/28 07:21:12] [SERVER RESPONSE]: Requested file other.html in C:\xampp\htdocs\WWW\deno\public
[2021/05/28 07:21:12] [SERVER RESPONSE]: Requested file style.css in C:\xampp\htdocs\WWW\deno\public\style
[2021/05/28 07:21:13] [SERVER RESPONSE]: Requested file deno.png in C:\xampp\htdocs\WWW\deno\public\icon
[2021/05/28 07:21:19] [SERVER RESPONSE]: Requested file test.html in C:\xampp\htdocs\WWW\deno\public
[2021/05/28 07:21:19] [SERVER RESPONSE]: Requested file style.css in C:\xampp\htdocs\WWW\deno\public\style
[2021/05/28 07:21:20] [SERVER RESPONSE]: Requested file deno.png in C:\xampp\htdocs\WWW\deno\public\icon
[2021/05/28 07:23:33] [SERVER ENGINE]: Starting on port 80
[2021/05/28 07:23:33] [SERVER INFO]: Working in C:\xampp\htdocs\WWW\deno
[2021/05/28 07:25:00] [SERVER ENGINE]: Starting on port 80
[2021/05/28 07:25:01] [SERVER INFO]: Working in C:\xampp\htdocs\WWW\deno
[2021/05/28 07:29:22] [SERVER ENGINE]: Starting on port 80
[2021/05/28 07:29:22] [SERVER INFO]: Working in C:\xampp\htdocs\WWW\deno
[2021/05/28 07:29:23] [SERVER WARRNING]: Error name: NotFoundError
[2021/05/28 07:31:46] [SERVER RESPONSE]: Requested file index.html in C:\xampp\htdocs\WWW\deno\public
[2021/05/28 07:31:50] [SERVER RESPONSE]: Requested file other.html in C:\xampp\htdocs\WWW\deno\public
[2021/05/28 07:31:54] [SERVER RESPONSE]: Requested file test.html in C:\xampp\htdocs\WWW\deno\public
[2021/05/28 07:32:44] [SERVER ENGINE]: Starting on port 80
[2021/05/28 07:32:44] [SERVER INFO]: Working in C:\xampp\htdocs\WWW\deno
[2021/05/28 07:32:49] [SERVER RESPONSE]: Requested file test.html in C:\xampp\htdocs\WWW\deno\public
[2021/05/28 07:32:55] [SERVER WARRNING]: Error name: NotFoundError
[2021/05/28 07:34:22] [SERVER ENGINE]: Starting on port 80
[2021/05/28 07:34:22] [SERVER INFO]: Working in C:\xampp\htdocs\WWW\deno
[2021/05/28 07:34:23] [SERVER WARRNING]: Error name: NotFoundError
[2021/05/28 07:35:25] [SERVER ENGINE]: Starting on port 80
[2021/05/28 07:35:25] [SERVER INFO]: Working in C:\xampp\htdocs\WWW\deno
[2021/05/28 07:35:26] [SERVER WARRNING]: File not found. Error name: NotFoundError
[2021/05/28 07:35:37] [SERVER WARRNING]: File not found. Error name: NotFoundError
[2021/05/28 07:35:38] [SERVER WARRNING]: File not found. Error name: NotFoundError
[2021/05/28 07:36:30] [SERVER ENGINE]: Starting on port 80
[2021/05/28 07:36:30] [SERVER INFO]: Working in C:\xampp\htdocs\WWW\deno
[2021/05/28 07:36:37] [SERVER WARRNING]: File not found. NotFoundError
[2021/05/28 07:40:09] [SERVER ENGINE]: Starting on port 80
[2021/05/28 07:40:09] [SERVER INFO]: Working in C:\xampp\htdocs\WWW\deno
[2021/05/28 07:40:14] [SERVER WARRNING]: File not found. NotFoundError
[2021/05/28 07:40:14] [SERVER RESPONSE]: Requested file index.html in C:\xampp\htdocs\WWW\deno\public
[2021/05/28 07:40:39] [SERVER WARRNING]: File not found. NotFoundError
[2021/05/28 07:40:39] [SERVER RESPONSE]: Requested file index.html in C:\xampp\htdocs\WWW\deno\public
[2021/05/28 07:40:39] [SERVER RESPONSE]: Requested file style.css in C:\xampp\htdocs\WWW\deno\public\style
[2021/05/28 07:40:39] [SERVER RESPONSE]: Requested file deno.png in C:\xampp\htdocs\WWW\deno\public\icon
[2021/05/28 07:40:55] [SERVER WARRNING]: File not found. NotFoundError
[2021/05/28 07:40:55] [SERVER RESPONSE]: Requested file index.html in C:\xampp\htdocs\WWW\deno\public
[2021/05/28 07:40:55] [SERVER RESPONSE]: Requested file style.css in C:\xampp\htdocs\WWW\deno\public\style
[2021/05/28 07:40:55] [SERVER RESPONSE]: Requested file deno.png in C:\xampp\htdocs\WWW\deno\public\icon
[2021/05/28 07:41:05] [SERVER WARRNING]: File not found. NotFoundError
[2021/05/28 07:41:06] [SERVER WARRNING]: File not found. NotFoundError
[2021/05/28 07:51:14] [SERVER ENGINE]: Starting on port 80
[2021/05/28 07:51:14] [SERVER INFO]: Working in C:\xampp\htdocs\WWW\deno
[2021/05/28 07:51:22] [SERVER WARRNING]: File not found. NotFoundError
[2021/05/28 07:56:08] [SERVER ENGINE]: Starting on port 80
[2021/05/28 07:56:08] [SERVER INFO]: Working in C:\xampp\htdocs\WWW\deno
[2021/05/28 07:59:23] [SERVER ENGINE]: Starting on port 80
[2021/05/28 07:59:23] [SERVER INFO]: Working in C:\xampp\htdocs\WWW\deno
[2021/05/28 08:10:36] [SERVER ENGINE]: Starting on port 80
[2021/05/28 08:10:36] [SERVER INFO]: Working in C:\xampp\htdocs\WWW\deno
[2021/05/28 08:10:37] [SERVER RESPONSE]: Requested file index.html in C:\xampp\htdocs\WWW\deno\public
[2021/05/28 08:11:16] [SERVER WARRNING]: File not found. NotFoundError
[2021/05/28 08:11:29] [SERVER WARRNING]: File not found. NotFoundError
[2021/05/28 08:11:31] [SERVER WARRNING]: File not found. NotFoundError
[2021/05/28 08:11:34] [SERVER ENGINE]: Starting on port 80
[2021/05/28 08:11:34] [SERVER INFO]: Working in C:\xampp\htdocs\WWW\deno
[2021/05/28 08:13:12] [SERVER RESPONSE]: Requested file index.html in C:\xampp\htdocs\WWW\deno\public
